2025-11-25T11:30:05.917+0100 INFO               [main]                         be.pxl.services.EmployeeServiceApplication - Starting EmployeeServiceApplication using Java 21.0.6 with PID 46528 (C:\huiswerk3_repos\Java\backendlabs\SpringCloudPXL\employee-service\target\classes started by Kai in C:\huiswerk3_repos\Java\backendlabs\SpringCloudPXL)
2025-11-25T11:30:05.918+0100 DEBUG              [main]                         be.pxl.services.EmployeeServiceApplication - Running with Spring Boot v3.5.6, Spring v6.2.11
2025-11-25T11:30:05.920+0100 INFO               [main]                         be.pxl.services.EmployeeServiceApplication - No active profile set, falling back to 1 default profile: "default"
2025-11-25T11:30:12.310+0100 INFO               [main]                         be.pxl.services.EmployeeServiceApplication - Started EmployeeServiceApplication in 7.806 seconds (process running for 8.9)
2025-11-25T11:31:53.275+0100 INFO               [http-nio-8081-exec-1]         be.pxl.services.api.EmployeeController - logging this
2025-11-25T13:26:52.978+0100 INFO               [main]                         be.pxl.services.EmployeeServiceApplication - Starting EmployeeServiceApplication using Java 21.0.6 with PID 24916 (C:\huiswerk3_repos\Java\backendlabs\SpringCloudPXL\employee-service\target\classes started by Kai in C:\huiswerk3_repos\Java\backendlabs\SpringCloudPXL)
2025-11-25T13:26:52.980+0100 DEBUG              [main]                         be.pxl.services.EmployeeServiceApplication - Running with Spring Boot v3.5.6, Spring v6.2.11
2025-11-25T13:26:52.981+0100 INFO               [main]                         be.pxl.services.EmployeeServiceApplication - No active profile set, falling back to 1 default profile: "default"
2025-11-25T13:27:44.379+0100 INFO               [main]                         be.pxl.services.EmployeeServiceApplication - Starting EmployeeServiceApplication using Java 21.0.6 with PID 30200 (C:\huiswerk3_repos\Java\backendlabs\SpringCloudPXL\employee-service\target\classes started by Kai in C:\huiswerk3_repos\Java\backendlabs\SpringCloudPXL)
2025-11-25T13:27:44.381+0100 DEBUG              [main]                         be.pxl.services.EmployeeServiceApplication - Running with Spring Boot v3.5.6, Spring v6.2.11
2025-11-25T13:27:44.382+0100 INFO               [main]                         be.pxl.services.EmployeeServiceApplication - No active profile set, falling back to 1 default profile: "default"
2025-11-25T13:32:24.126+0100 INFO               [main]                         be.pxl.services.EmployeeServiceApplication - Starting EmployeeServiceApplication using Java 21.0.6 with PID 43072 (C:\huiswerk3_repos\Java\backendlabs\SpringCloudPXL\employee-service\target\classes started by Kai in C:\huiswerk3_repos\Java\backendlabs\SpringCloudPXL)
2025-11-25T13:32:24.128+0100 DEBUG              [main]                         be.pxl.services.EmployeeServiceApplication - Running with Spring Boot v3.5.6, Spring v6.2.11
2025-11-25T13:32:24.129+0100 INFO               [main]                         be.pxl.services.EmployeeServiceApplication - No active profile set, falling back to 1 default profile: "default"
2025-11-25T13:34:44.476+0100 INFO               [main]                         be.pxl.services.EmployeeServiceApplication - Starting EmployeeServiceApplication using Java 21.0.6 with PID 50116 (C:\huiswerk3_repos\Java\backendlabs\SpringCloudPXL\employee-service\target\classes started by Kai in C:\huiswerk3_repos\Java\backendlabs\SpringCloudPXL)
2025-11-25T13:34:44.478+0100 DEBUG              [main]                         be.pxl.services.EmployeeServiceApplication - Running with Spring Boot v3.5.6, Spring v6.2.11
2025-11-25T13:34:44.478+0100 INFO               [main]                         be.pxl.services.EmployeeServiceApplication - No active profile set, falling back to 1 default profile: "default"
2025-11-25T13:36:15.249+0100 INFO               [main]                         be.pxl.services.EmployeeServiceApplication - Starting EmployeeServiceApplication using Java 21.0.6 with PID 34824 (C:\huiswerk3_repos\Java\backendlabs\SpringCloudPXL\employee-service\target\classes started by Kai in C:\huiswerk3_repos\Java\backendlabs\SpringCloudPXL)
2025-11-25T13:36:15.251+0100 DEBUG              [main]                         be.pxl.services.EmployeeServiceApplication - Running with Spring Boot v3.5.6, Spring v6.2.11
2025-11-25T13:36:15.252+0100 INFO               [main]                         be.pxl.services.EmployeeServiceApplication - No active profile set, falling back to 1 default profile: "default"
2025-11-25T13:36:21.486+0100 INFO               [main]                         be.pxl.services.EmployeeServiceApplication - Started EmployeeServiceApplication in 7.653 seconds (process running for 8.7)
2025-11-25T13:39:01.898+0100 INFO               [main]                         be.pxl.services.EmployeeServiceApplication - Starting EmployeeServiceApplication using Java 21.0.6 with PID 35676 (C:\huiswerk3_repos\Java\backendlabs\SpringCloudPXL\employee-service\target\classes started by Kai in C:\huiswerk3_repos\Java\backendlabs\SpringCloudPXL)
2025-11-25T13:39:01.899+0100 DEBUG              [main]                         be.pxl.services.EmployeeServiceApplication - Running with Spring Boot v3.5.6, Spring v6.2.11
2025-11-25T13:39:01.900+0100 INFO               [main]                         be.pxl.services.EmployeeServiceApplication - No active profile set, falling back to 1 default profile: "default"
2025-11-25T13:39:08.360+0100 INFO               [main]                         be.pxl.services.EmployeeServiceApplication - Started EmployeeServiceApplication in 7.885 seconds (process running for 8.978)
2025-11-25T13:43:14.118+0100 INFO               [main]                         be.pxl.services.EmployeeServiceApplication - Starting EmployeeServiceApplication using Java 21.0.6 with PID 34256 (C:\huiswerk3_repos\Java\backendlabs\SpringCloudPXL\employee-service\target\classes started by Kai in C:\huiswerk3_repos\Java\backendlabs\SpringCloudPXL)
2025-11-25T13:43:14.120+0100 DEBUG              [main]                         be.pxl.services.EmployeeServiceApplication - Running with Spring Boot v3.5.6, Spring v6.2.11
2025-11-25T13:43:14.120+0100 INFO               [main]                         be.pxl.services.EmployeeServiceApplication - No active profile set, falling back to 1 default profile: "default"
2025-11-25T13:43:20.463+0100 INFO               [main]                         be.pxl.services.EmployeeServiceApplication - Started EmployeeServiceApplication in 7.702 seconds (process running for 8.786)
2025-11-25T13:47:20.184+0100 INFO               [main]                         be.pxl.services.EmployeeServiceApplication - Starting EmployeeServiceApplication using Java 21.0.6 with PID 29108 (C:\huiswerk3_repos\Java\backendlabs\SpringCloudPXL\employee-service\target\classes started by Kai in C:\huiswerk3_repos\Java\backendlabs\SpringCloudPXL)
2025-11-25T13:47:20.186+0100 DEBUG              [main]                         be.pxl.services.EmployeeServiceApplication - Running with Spring Boot v3.5.6, Spring v6.2.11
2025-11-25T13:47:20.186+0100 INFO               [main]                         be.pxl.services.EmployeeServiceApplication - No active profile set, falling back to 1 default profile: "default"
2025-11-25T13:47:26.380+0100 INFO               [main]                         be.pxl.services.EmployeeServiceApplication - Started EmployeeServiceApplication in 7.621 seconds (process running for 8.694)
2025-11-25T13:47:48.586+0100 INFO               [http-nio-8081-exec-1]         be.pxl.services.api.EmployeeController - logging this
2025-11-25T13:47:48.618+0100 INFO               [org.springframework.amqp.rabbit.RabbitListenerEndpointContainer#0-1] be.pxl.services.services.EmployeeService - MESSAGE MESSAGE MESSAGE getting employees employee
